<?xml version="1.0" encoding="UTF-8"?>
<!-- Generated by org.testng.reporters.JUnitReportReporter -->
<testsuite hostname="DESKTOP-77JFD19" failures="0" tests="5" name="test.day4" time="0.009" errors="0" timestamp="2024-09-13T21:25:21 IST" skipped="0">
  <testcase classname="test.day4" name="WebloginHome" time="0.001"/>
  <testcase classname="test.day4" name="apiloginHome" time="0.003"/>
  <testcase classname="test.day4" name="apiloginHome" time="0.001"/>
  <testcase classname="test.day4" name="apiloginHome" time="0.002"/>
  <testcase classname="test.day4" name="MobileloginHome" time="0.002"/>
</testsuite> <!-- test.day4 -->
