<?xml version="1.0" encoding="UTF-8"?>
<!-- Generated by org.testng.reporters.JUnitReportReporter -->
<testsuite hostname="DESKTOP-77JFD19" failures="0" tests="5" name="test.day3" time="0.025" errors="0" timestamp="2024-09-13T21:25:21 IST" skipped="0">
  <testcase classname="test.day3" name="Mobilelogincar" time="0.004"/>
  <testcase classname="test.day3" name="Mobilesignincar" time="0.004"/>
  <testcase classname="test.day3" name="Mobilesignoutcar" time="0.007"/>
  <testcase classname="test.day3" name="Weblogincar" time="0.006"/>
  <testcase classname="test.day3" name="apilogincar" time="0.004"/>
</testsuite> <!-- test.day3 -->
