<?xml version="1.0" encoding="UTF-8"?>
<!-- Generated by org.testng.reporters.JUnitReportReporter -->
<testsuite hostname="DESKTOP-77JFD19" failures="0" tests="1" name="test.day2" time="0.009" errors="0" timestamp="2024-09-13T16:15:23 IST" skipped="0">
  <testcase classname="test.day2" name="ploan" time="0.009"/>
</testsuite> <!-- test.day2 -->
